c:\users\jramosdi.nsn-intra\desktop\juan\master\master 17-18\gc\practica2\myapp\debug\vc141.pdb
c:\users\jramosdi.nsn-intra\desktop\juan\master\master 17-18\gc\practica2\myapp\debug\vc141.idb
c:\users\jramosdi.nsn-intra\desktop\juan\master\master 17-18\gc\practica2\myapp\debug\texture.obj
c:\users\jramosdi.nsn-intra\desktop\juan\master\master 17-18\gc\practica2\myapp\debug\camera.obj
c:\users\jramosdi.nsn-intra\desktop\juan\master\master 17-18\gc\practica2\myapp\debug\scene.obj
c:\users\jramosdi.nsn-intra\desktop\juan\master\master 17-18\gc\practica2\myapp\debug\pixmap32rgba.obj
c:\users\jramosdi.nsn-intra\desktop\juan\master\master 17-18\gc\practica2\myapp\debug\mesh.obj
c:\users\jramosdi.nsn-intra\desktop\juan\master\master 17-18\gc\practica2\myapp\debug\main.obj
c:\users\jramosdi.nsn-intra\desktop\juan\master\master 17-18\gc\practica2\myapp\debug\entities.obj
c:\users\jramosdi.nsn-intra\desktop\juan\master\master 17-18\gc\practica2\bin\myappdebug.exe
c:\users\jramosdi.nsn-intra\desktop\juan\master\master 17-18\gc\practica2\bin\myappdebug.ilk
c:\users\jramosdi.nsn-intra\desktop\juan\master\master 17-18\gc\practica2\bin\myappdebug.pdb
c:\users\jramosdi.nsn-intra\desktop\juan\master\master 17-18\gc\practica2\myapp\debug\vc120.idb
c:\users\jramosdi.nsn-intra\desktop\juan\master\master 17-18\gc\practica2\myapp\debug\vc120.pdb
c:\users\jramosdi.nsn-intra\desktop\juan\master\master 17-18\gc\practica2\myapp\debug\myapp.tlog\cl.command.1.tlog
c:\users\jramosdi.nsn-intra\desktop\juan\master\master 17-18\gc\practica2\myapp\debug\myapp.tlog\cl.read.1.tlog
c:\users\jramosdi.nsn-intra\desktop\juan\master\master 17-18\gc\practica2\myapp\debug\myapp.tlog\cl.write.1.tlog
c:\users\jramosdi.nsn-intra\desktop\juan\master\master 17-18\gc\practica2\myapp\debug\myapp.tlog\link.command.1.tlog
c:\users\jramosdi.nsn-intra\desktop\juan\master\master 17-18\gc\practica2\myapp\debug\myapp.tlog\link.delete.1.tlog
c:\users\jramosdi.nsn-intra\desktop\juan\master\master 17-18\gc\practica2\myapp\debug\myapp.tlog\link.read.1.tlog
c:\users\jramosdi.nsn-intra\desktop\juan\master\master 17-18\gc\practica2\myapp\debug\myapp.tlog\link.write.1.tlog
